<?xml version="1.0" encoding="utf-8"?><testsuites><testsuite errors="0" failures="0" hostname="intitccul-5266" name="pytest" skipped="1" tests="3" time="25.188" timestamp="2022-03-03T17:07:58.000010"><testcase classname="Test_Generate_Token.Test_Generate_Token" file="Test_Generate_Token.py" line="14" name="test_generate_token" time="0.916"></testcase><testcase classname="Test_Login.Test_Login" file="Test_Login.py" line="11" name="test_login" time="24.230"></testcase><testcase classname="Test_sample.Test_sample" file="Test_sample.py" line="9" name="test_edit" time="0.000"><skipped message="unconditional skip" type="pytest.skip">C:\Users\ParthaS\PycharmProjects\SeleniumUI\tests\Test_sample.py:10: unconditional skip</skipped></testcase></testsuite></testsuites>